# JRE version: Java(TM) SE Runtime Environment (21.0.7+8) (build 21.0.7+8-LTS-245)
# Java VM: Java HotSpot(TM) 64-Bit Server VM (21.0.7+8-LTS-245, mixed mode, sharing, tiered, compressed oops, compressed class ptrs, g1 gc, windows-amd64)
GC Precious Log:
 CardTable entry size: 512
 Card Set container configuration: InlinePtr #cards 5 size 8 Array Of Cards #cards 12 size 40 Howl #buckets 4 coarsen threshold 1843 Howl Bitmap #cards 512 size 80 coarsen threshold 460 Card regions per heap region 1 cards per card region 2048
 CPUs: 12 total, 12 available
 Memory: 7501M
 Large Page Support: Disabled
 NUMA Support: Disabled
 Compressed Oops: Enabled (32-bit)
 Heap Region Size: 1M
 Heap Min Capacity: 8M
 Heap Initial Capacity: 118M
 Heap Max Capacity: 1876M
 Pre-touch: Disabled
 Parallel Workers: 10
 Concurrent Workers: 3
 Concurrent Refinement Workers: 10
 Periodic GC: Disabled
Heap:
 garbage-first heap   total 109568K, used 54212K [0x000000008ac00000, 0x0000000100000000)
  region size 1024K, 22 young (22528K), 0 survivors (0K)
 Metaspace       used 86916K, committed 87680K, reserved 1179648K
  class space    used 11071K, committed 11456K, reserved 1048576K
GC Heap History (20 events):
Event: 375.965 GC heap before
{Heap before GC invocations=36 (full 3):
 garbage-first heap   total 91136K, used 70019K [0x000000008ac00000, 0x0000000100000000)
  region size 1024K, 38 young (38912K), 0 survivors (0K)
 Metaspace       used 83140K, committed 83904K, reserved 1179648K
  class space    used 10821K, committed 11200K, reserved 1048576K
}
Event: 375.969 GC heap after
{Heap after GC invocations=37 (full 3):
 garbage-first heap   total 91136K, used 34951K [0x000000008ac00000, 0x0000000100000000)
  region size 1024K, 4 young (4096K), 4 survivors (4096K)
 Metaspace       used 83140K, committed 83904K, reserved 1179648K
  class space    used 10821K, committed 11200K, reserved 1048576K
}
Event: 376.442 GC heap before
{Heap before GC invocations=38 (full 3):
 garbage-first heap   total 91136K, used 71815K [0x000000008ac00000, 0x0000000100000000)
  region size 1024K, 41 young (41984K), 4 survivors (4096K)
 Metaspace       used 83768K, committed 84544K, reserved 1179648K
  class space    used 10853K, committed 11200K, reserved 1048576K
}
Event: 376.446 GC heap after
{Heap after GC invocations=39 (full 3):
 garbage-first heap   total 91136K, used 36909K [0x000000008ac00000, 0x0000000100000000)
  region size 1024K, 3 young (3072K), 3 survivors (3072K)
 Metaspace       used 83768K, committed 84544K, reserved 1179648K
  class space    used 10853K, committed 11200K, reserved 1048576K
}
Event: 380.955 GC heap before
{Heap before GC invocations=39 (full 3):
 garbage-first heap   total 91136K, used 43053K [0x000000008ac00000, 0x0000000100000000)
  region size 1024K, 10 young (10240K), 3 survivors (3072K)
 Metaspace       used 83972K, committed 84736K, reserved 1179648K
  class space    used 10866K, committed 11200K, reserved 1048576K
}
Event: 380.995 GC heap after
{Heap after GC invocations=40 (full 4):
 garbage-first heap   total 91136K, used 31510K [0x000000008ac00000, 0x0000000100000000)
  region size 1024K, 0 young (0K), 0 survivors (0K)
 Metaspace       used 83970K, committed 84736K, reserved 1179648K
  class space    used 10866K, committed 11200K, reserved 1048576K
}
Event: 381.584 GC heap before
{Heap before GC invocations=40 (full 4):
 garbage-first heap   total 91136K, used 71446K [0x000000008ac00000, 0x0000000100000000)
  region size 1024K, 40 young (40960K), 0 survivors (0K)
 Metaspace       used 84205K, committed 84992K, reserved 1179648K
  class space    used 10884K, committed 11264K, reserved 1048576K
}
Event: 381.587 GC heap after
{Heap after GC invocations=41 (full 4):
 garbage-first heap   total 91136K, used 35838K [0x000000008ac00000, 0x0000000100000000)
  region size 1024K, 5 young (5120K), 5 survivors (5120K)
 Metaspace       used 84205K, committed 84992K, reserved 1179648K
  class space    used 10884K, committed 11264K, reserved 1048576K
}
Event: 384.619 GC heap before
{Heap before GC invocations=42 (full 4):
 garbage-first heap   total 91136K, used 73726K [0x000000008ac00000, 0x0000000100000000)
  region size 1024K, 43 young (44032K), 5 survivors (5120K)
 Metaspace       used 84883K, committed 85696K, reserved 1179648K
  class space    used 10928K, committed 11328K, reserved 1048576K
}
Event: 384.623 GC heap after
{Heap after GC invocations=43 (full 4):
 garbage-first heap   total 109568K, used 37340K [0x000000008ac00000, 0x0000000100000000)
  region size 1024K, 3 young (3072K), 3 survivors (3072K)
 Metaspace       used 84883K, committed 85696K, reserved 1179648K
  class space    used 10928K, committed 11328K, reserved 1048576K
}
Event: 385.483 GC heap before
{Heap before GC invocations=43 (full 4):
 garbage-first heap   total 109568K, used 38364K [0x000000008ac00000, 0x0000000100000000)
  region size 1024K, 5 young (5120K), 3 survivors (3072K)
 Metaspace       used 84899K, committed 85760K, reserved 1179648K
  class space    used 10928K, committed 11328K, reserved 1048576K
}
Event: 385.532 GC heap after
{Heap after GC invocations=44 (full 5):
 garbage-first heap   total 109568K, used 31915K [0x000000008ac00000, 0x0000000100000000)
  region size 1024K, 0 young (0K), 0 survivors (0K)
 Metaspace       used 84896K, committed 85760K, reserved 1179648K
  class space    used 10928K, committed 11328K, reserved 1048576K
}
Event: 386.196 GC heap before
{Heap before GC invocations=44 (full 5):
 garbage-first heap   total 109568K, used 83115K [0x000000008ac00000, 0x0000000100000000)
  region size 1024K, 51 young (52224K), 0 survivors (0K)
 Metaspace       used 85448K, committed 86208K, reserved 1179648K
  class space    used 10964K, committed 11328K, reserved 1048576K
}
Event: 386.199 GC heap after
{Heap after GC invocations=45 (full 5):
 garbage-first heap   total 109568K, used 37007K [0x000000008ac00000, 0x0000000100000000)
  region size 1024K, 5 young (5120K), 5 survivors (5120K)
 Metaspace       used 85448K, committed 86208K, reserved 1179648K
  class space    used 10964K, committed 11328K, reserved 1048576K
}
Event: 414.523 GC heap before
{Heap before GC invocations=46 (full 5):
 garbage-first heap   total 109568K, used 66703K [0x000000008ac00000, 0x0000000100000000)
  region size 1024K, 35 young (35840K), 5 survivors (5120K)
 Metaspace       used 85968K, committed 86784K, reserved 1179648K
  class space    used 10997K, committed 11392K, reserved 1048576K
}
Event: 414.565 GC heap after
{Heap after GC invocations=47 (full 6):
 garbage-first heap   total 109568K, used 32335K [0x000000008ac00000, 0x0000000100000000)
  region size 1024K, 0 young (0K), 0 survivors (0K)
 Metaspace       used 85965K, committed 86784K, reserved 1179648K
  class space    used 10996K, committed 11392K, reserved 1048576K
}
Event: 415.194 GC heap before
{Heap before GC invocations=47 (full 6):
 garbage-first heap   total 109568K, used 85583K [0x000000008ac00000, 0x0000000100000000)
  region size 1024K, 53 young (54272K), 0 survivors (0K)
 Metaspace       used 86423K, committed 87232K, reserved 1179648K
  class space    used 11034K, committed 11392K, reserved 1048576K
}
Event: 415.197 GC heap after
{Heap after GC invocations=48 (full 6):
 garbage-first heap   total 109568K, used 37539K [0x000000008ac00000, 0x0000000100000000)
  region size 1024K, 6 young (6144K), 6 survivors (6144K)
 Metaspace       used 86423K, committed 87232K, reserved 1179648K
  class space    used 11034K, committed 11392K, reserved 1048576K
}
Event: 418.969 GC heap before
{Heap before GC invocations=49 (full 6):
 garbage-first heap   total 109568K, used 63139K [0x000000008ac00000, 0x0000000100000000)
  region size 1024K, 32 young (32768K), 6 survivors (6144K)
 Metaspace       used 86835K, committed 87616K, reserved 1179648K
  class space    used 11060K, committed 11456K, reserved 1048576K
}
Event: 419.021 GC heap after
{Heap after GC invocations=50 (full 7):
 garbage-first heap   total 109568K, used 32708K [0x000000008ac00000, 0x0000000100000000)
  region size 1024K, 0 young (0K), 0 survivors (0K)
 Metaspace       used 86832K, committed 87616K, reserved 1179648K
  class space    used 11060K, committed 11456K, reserved 1048576K
}

