# JRE version: Java(TM) SE Runtime Environment (21.0.7+8) (build 21.0.7+8-LTS-245)
# Java VM: Java HotSpot(TM) 64-Bit Server VM (21.0.7+8-LTS-245, mixed mode, sharing, tiered, compressed oops, compressed class ptrs, g1 gc, windows-amd64)
GC Precious Log:
 CardTable entry size: 512
 Card Set container configuration: InlinePtr #cards 5 size 8 Array Of Cards #cards 12 size 40 Howl #buckets 4 coarsen threshold 1843 Howl Bitmap #cards 512 size 80 coarsen threshold 460 Card regions per heap region 1 cards per card region 2048
 CPUs: 12 total, 12 available
 Memory: 7501M
 Large Page Support: Disabled
 NUMA Support: Disabled
 Compressed Oops: Enabled (32-bit)
 Heap Region Size: 1M
 Heap Min Capacity: 8M
 Heap Initial Capacity: 118M
 Heap Max Capacity: 1876M
 Pre-touch: Disabled
 Parallel Workers: 10
 Concurrent Workers: 3
 Concurrent Refinement Workers: 10
 Periodic GC: Disabled
Heap:
 garbage-first heap   total 95232K, used 68151K [0x000000008ac00000, 0x0000000100000000)
  region size 1024K, 38 young (38912K), 5 survivors (5120K)
 Metaspace       used 89179K, committed 89920K, reserved 1179648K
  class space    used 11268K, committed 11648K, reserved 1048576K
GC Heap History (20 events):
Event: 1484.372 GC heap after
{Heap after GC invocations=53 (full 5):
 garbage-first heap   total 95232K, used 39517K [0x000000008ac00000, 0x0000000100000000)
  region size 1024K, 2 young (2048K), 2 survivors (2048K)
 Metaspace       used 86827K, committed 87616K, reserved 1179648K
  class space    used 11146K, committed 11520K, reserved 1048576K
}
Event: 1836.281 GC heap before
{Heap before GC invocations=53 (full 5):
 garbage-first heap   total 95232K, used 84573K [0x000000008ac00000, 0x0000000100000000)
  region size 1024K, 46 young (47104K), 2 survivors (2048K)
 Metaspace       used 86843K, committed 87616K, reserved 1179648K
  class space    used 11146K, committed 11520K, reserved 1048576K
}
Event: 1836.283 GC heap after
{Heap after GC invocations=54 (full 5):
 garbage-first heap   total 95232K, used 38785K [0x000000008ac00000, 0x0000000100000000)
  region size 1024K, 2 young (2048K), 2 survivors (2048K)
 Metaspace       used 86843K, committed 87616K, reserved 1179648K
  class space    used 11146K, committed 11520K, reserved 1048576K
}
Event: 2190.054 GC heap before
{Heap before GC invocations=54 (full 5):
 garbage-first heap   total 95232K, used 84865K [0x000000008ac00000, 0x0000000100000000)
  region size 1024K, 47 young (48128K), 2 survivors (2048K)
 Metaspace       used 86848K, committed 87616K, reserved 1179648K
  class space    used 11146K, committed 11520K, reserved 1048576K
}
Event: 2190.062 GC heap after
{Heap after GC invocations=55 (full 5):
 garbage-first heap   total 95232K, used 38764K [0x000000008ac00000, 0x0000000100000000)
  region size 1024K, 2 young (2048K), 2 survivors (2048K)
 Metaspace       used 86848K, committed 87616K, reserved 1179648K
  class space    used 11146K, committed 11520K, reserved 1048576K
}
Event: 2419.226 GC heap before
{Heap before GC invocations=56 (full 5):
 garbage-first heap   total 95232K, used 72556K [0x000000008ac00000, 0x0000000100000000)
  region size 1024K, 36 young (36864K), 2 survivors (2048K)
 Metaspace       used 86637K, committed 87680K, reserved 1179648K
  class space    used 11083K, committed 11520K, reserved 1048576K
}
Event: 2419.271 GC heap after
{Heap after GC invocations=57 (full 6):
 garbage-first heap   total 95232K, used 33049K [0x000000008ac00000, 0x0000000100000000)
  region size 1024K, 0 young (0K), 0 survivors (0K)
 Metaspace       used 86637K, committed 87680K, reserved 1179648K
  class space    used 11083K, committed 11520K, reserved 1048576K
}
Event: 2420.090 GC heap before
{Heap before GC invocations=57 (full 6):
 garbage-first heap   total 95232K, used 85273K [0x000000008ac00000, 0x0000000100000000)
  region size 1024K, 52 young (53248K), 0 survivors (0K)
 Metaspace       used 87100K, committed 87872K, reserved 1179648K
  class space    used 11122K, committed 11520K, reserved 1048576K
}
Event: 2420.095 GC heap after
{Heap after GC invocations=58 (full 6):
 garbage-first heap   total 95232K, used 38296K [0x000000008ac00000, 0x0000000100000000)
  region size 1024K, 6 young (6144K), 6 survivors (6144K)
 Metaspace       used 87100K, committed 87872K, reserved 1179648K
  class space    used 11122K, committed 11520K, reserved 1048576K
}
Event: 2539.341 GC heap before
{Heap before GC invocations=59 (full 6):
 garbage-first heap   total 95232K, used 79256K [0x000000008ac00000, 0x0000000100000000)
  region size 1024K, 46 young (47104K), 6 survivors (6144K)
 Metaspace       used 87495K, committed 88256K, reserved 1179648K
  class space    used 11139K, committed 11584K, reserved 1048576K
}
Event: 2539.345 GC heap after
{Heap after GC invocations=60 (full 6):
 garbage-first heap   total 95232K, used 39116K [0x000000008ac00000, 0x0000000100000000)
  region size 1024K, 3 young (3072K), 3 survivors (3072K)
 Metaspace       used 87495K, committed 88256K, reserved 1179648K
  class space    used 11139K, committed 11584K, reserved 1048576K
}
Event: 2678.700 GC heap before
{Heap before GC invocations=60 (full 6):
 garbage-first heap   total 95232K, used 57548K [0x000000008ac00000, 0x0000000100000000)
  region size 1024K, 22 young (22528K), 3 survivors (3072K)
 Metaspace       used 87514K, committed 88320K, reserved 1179648K
  class space    used 11140K, committed 11584K, reserved 1048576K
}
Event: 2678.743 GC heap after
{Heap after GC invocations=61 (full 7):
 garbage-first heap   total 95232K, used 31212K [0x000000008ac00000, 0x0000000100000000)
  region size 1024K, 0 young (0K), 0 survivors (0K)
 Metaspace       used 87479K, committed 88320K, reserved 1179648K
  class space    used 11130K, committed 11584K, reserved 1048576K
}
Event: 2679.388 GC heap before
{Heap before GC invocations=61 (full 7):
 garbage-first heap   total 95232K, used 82412K [0x000000008ac00000, 0x0000000100000000)
  region size 1024K, 51 young (52224K), 0 survivors (0K)
 Metaspace       used 87861K, committed 88640K, reserved 1179648K
  class space    used 11165K, committed 11584K, reserved 1048576K
}
Event: 2679.393 GC heap after
{Heap after GC invocations=62 (full 7):
 garbage-first heap   total 95232K, used 36738K [0x000000008ac00000, 0x0000000100000000)
  region size 1024K, 6 young (6144K), 6 survivors (6144K)
 Metaspace       used 87861K, committed 88640K, reserved 1179648K
  class space    used 11165K, committed 11584K, reserved 1048576K
}
Event: 2682.187 GC heap before
{Heap before GC invocations=63 (full 7):
 garbage-first heap   total 95232K, used 63362K [0x000000008ac00000, 0x0000000100000000)
  region size 1024K, 33 young (33792K), 6 survivors (6144K)
 Metaspace       used 88335K, committed 89088K, reserved 1179648K
  class space    used 11193K, committed 11584K, reserved 1048576K
}
Event: 2682.227 GC heap after
{Heap after GC invocations=64 (full 8):
 garbage-first heap   total 95232K, used 31530K [0x000000008ac00000, 0x0000000100000000)
  region size 1024K, 0 young (0K), 0 survivors (0K)
 Metaspace       used 88332K, committed 89088K, reserved 1179648K
  class space    used 11193K, committed 11584K, reserved 1048576K
}
Event: 2682.764 GC heap before
{Heap before GC invocations=64 (full 8):
 garbage-first heap   total 95232K, used 79658K [0x000000008ac00000, 0x0000000100000000)
  region size 1024K, 48 young (49152K), 0 survivors (0K)
 Metaspace       used 88639K, committed 89280K, reserved 1179648K
  class space    used 11238K, committed 11584K, reserved 1048576K
}
Event: 2682.768 GC heap after
{Heap after GC invocations=65 (full 8):
 garbage-first heap   total 95232K, used 36407K [0x000000008ac00000, 0x0000000100000000)
  region size 1024K, 5 young (5120K), 5 survivors (5120K)
 Metaspace       used 88639K, committed 89280K, reserved 1179648K
  class space    used 11238K, committed 11584K, reserved 1048576K
}
Event: 2708.130 GC heap before
{Heap before GC invocations=66 (full 8):
 garbage-first heap   total 95232K, used 68151K [0x000000008ac00000, 0x0000000100000000)
  region size 1024K, 38 young (38912K), 5 survivors (5120K)
 Metaspace       used 89179K, committed 89920K, reserved 1179648K
  class space    used 11268K, committed 11648K, reserved 1048576K
}

